<?xml version="1.0" encoding="UTF-8"?>
<!-- Generated by org.testng.reporters.JUnitReportReporter -->
<testsuite hostname="Harshitha-PC" failures="0" tests="1" name="com.ExcelRPorject3.Amazon.TestCasesImplementation" time="0.086" errors="0" timestamp="2023-10-28T02:03:32 GMT-04:00" skipped="0">
  <testcase classname="com.ExcelRPorject3.Amazon.TestCasesImplementation" name="homePage_Validation" time="0.086"/>
</testsuite> <!-- com.ExcelRPorject3.Amazon.TestCasesImplementation -->
